20:48:41 **** Rebuild of configuration Debug for project intento ****
Info: Internal Builder is used for build
gcc -O0 -g3 -Wall -c -fmessage-length=0 -o "src\\intento.o" "..\\src\\intento.c" 
gcc -o intento.exe "src\\intento.o" 
Info: Nothing to build for intento
Info: Nothing to build for intento
08:54:38 **** Rebuild of configuration Debug for project intento ****
Info: Internal Builder is used for build
gcc -O0 -g3 -Wall -c -fmessage-length=0 -o "src\\intento.o" "..\\src\\intento.c" 
gcc -o intento.exe "src\\intento.o" 
Info: Nothing to build for intento
09:28:04 **** Incremental Build of configuration Debug for project intento ****
Info: Internal Builder is used for build
gcc -O0 -g3 -Wall -c -fmessage-length=0 -o "src\\intento.o" "..\\src\\intento.c" 
gcc -o intento.exe "src\\intento.o" 
09:55:22 **** Incremental Build of configuration Debug for project intento ****
Info: Internal Builder is used for build
gcc -O0 -g3 -Wall -c -fmessage-length=0 -o "src\\intento.o" "..\\src\\intento.c" 
gcc -o intento.exe "src\\intento.o" 
Info: Nothing to build for intento
09:56:44 **** Incremental Build of configuration Debug for project intento ****
Info: Internal Builder is used for build
gcc -O0 -g3 -Wall -c -fmessage-length=0 -o "src\\intento.o" "..\\src\\intento.c" 
..\src\intento.c: In function 'main':
..\src\intento.c:19:10: warning: format '%d' expects argument of type 'int *', but argument 2 has type 'int' [-Wformat=]
  scanf("%d",variable1);
          ^
..\src\intento.c:19:2: warning: 'variable1' is used uninitialized in this function [-Wuninitialized]
  scanf("%d",variable1);
  ^~~~~~~~~~~~~~~~~~~~~
gcc -o intento.exe "src\\intento.o" 
09:57:10 **** Incremental Build of configuration Debug for project intento ****
Info: Internal Builder is used for build
gcc -O0 -g3 -Wall -c -fmessage-length=0 -o "src\\intento.o" "..\\src\\intento.c" 
gcc -o intento.exe "src\\intento.o" 
Info: Nothing to build for intento
12:25:54 **** Incremental Build of configuration Debug for project intento ****
Info: Internal Builder is used for build
gcc -O0 -g3 -Wall -c -fmessage-length=0 -o "src\\intento.o" "..\\src\\intento.c" 
..\src\intento.c: In function 'main':
..\src\intento.c:39:2: warning: implicit declaration of function 'prinf' [-Wimplicit-function-declaration]
  prinf("La suma da como resultado : %d",resultado);
  ^~~~~
gcc -o intento.exe "src\\intento.o" 
src\intento.o: In function `main':
C:\Users\Usuario\eclipse-workspace\intento\Debug/../src/intento.c:39: undefined reference to `prinf'
collect2.exe: error: ld returned 1 exit status
12:26:05 **** Incremental Build of configuration Debug for project intento ****
Info: Internal Builder is used for build
gcc -O0 -g3 -Wall -c -fmessage-length=0 -o "src\\intento.o" "..\\src\\intento.c" 
gcc -o intento.exe "src\\intento.o" 
Info: Nothing to build for intento
12:26:30 **** Incremental Build of configuration Debug for project intento ****
Info: Internal Builder is used for build
gcc -O0 -g3 -Wall -c -fmessage-length=0 -o "src\\intento.o" "..\\src\\intento.c" 
..\src\intento.c: In function 'main':
..\src\intento.c:16:2: warning: implicit declaration of function 'setbuff' [-Wimplicit-function-declaration]
  setbuff(stdout,NULL);
  ^~~~~~~
gcc -o intento.exe "src\\intento.o" 
src\intento.o: In function `main':
C:\Users\Usuario\eclipse-workspace\intento\Debug/../src/intento.c:16: undefined reference to `setbuff'
collect2.exe: error: ld returned 1 exit status
12:26:39 **** Incremental Build of configuration Debug for project intento ****
Info: Internal Builder is used for build
gcc -O0 -g3 -Wall -c -fmessage-length=0 -o "src\\intento.o" "..\\src\\intento.c" 
gcc -o intento.exe "src\\intento.o" 
12:27:03 **** Incremental Build of configuration Debug for project intento ****
Info: Internal Builder is used for build
gcc -O0 -g3 -Wall -c -fmessage-length=0 -o "src\\intento.o" "..\\src\\intento.c" 
gcc -o intento.exe "src\\intento.o" 
Info: Nothing to build for intento
Info: Nothing to build for intento
12:55:51 **** Rebuild of configuration Debug for project intento ****
Info: Internal Builder is used for build
gcc -O0 -g3 -Wall -c -fmessage-length=0 -o "src\\intento.o" "..\\src\\intento.c" 
gcc -o intento.exe "src\\intento.o" 
13:08:30 **** Incremental Build of configuration Debug for project intento ****
Info: Internal Builder is used for build
gcc -O0 -g3 -Wall -c -fmessage-length=0 -o "src\\intento.o" "..\\src\\intento.c" 
gcc -o intento.exe "src\\intento.o" 
Info: Nothing to build for intento
13:09:36 **** Incremental Build of configuration Debug for project intento ****
Info: Internal Builder is used for build
gcc -O0 -g3 -Wall -c -fmessage-length=0 -o "src\\intento.o" "..\\src\\intento.c" 
gcc -o intento.exe "src\\intento.o" 
13:25:57 **** Incremental Build of configuration Debug for project intento ****
Info: Internal Builder is used for build
gcc -O0 -g3 -Wall -c -fmessage-length=0 -o "src\\intento.o" "..\\src\\intento.c" 
gcc -o intento.exe "src\\intento.o" 
13:34:33 **** Incremental Build of configuration Debug for project intento ****
Info: Internal Builder is used for build
gcc -O0 -g3 -Wall -c -fmessage-length=0 -o "src\\intento.o" "..\\src\\intento.c" 
..\src\intento.c: In function 'main':
..\src\intento.c:46:8: warning: implicit declaration of function 'prinf' [-Wimplicit-function-declaration]
        prinf("no hay numero en el medio");
        ^~~~~
gcc -o intento.exe "src\\intento.o" 
src\intento.o: In function `main':
C:\Users\Usuario\eclipse-workspace\intento\Debug/../src/intento.c:46: undefined reference to `prinf'
collect2.exe: error: ld returned 1 exit status
13:34:39 **** Incremental Build of configuration Debug for project intento ****
Info: Internal Builder is used for build
gcc -O0 -g3 -Wall -c -fmessage-length=0 -o "src\\intento.o" "..\\src\\intento.c" 
gcc -o intento.exe "src\\intento.o" 
Info: Nothing to build for intento
Info: Nothing to build for intento
Info: Nothing to build for intento
Info: Nothing to build for intento
Info: Nothing to build for intento
Info: Nothing to build for intento
Info: Nothing to build for intento
Info: Nothing to build for intento
Info: Nothing to build for intento
Info: Nothing to build for intento
13:36:55 **** Incremental Build of configuration Debug for project intento ****
Info: Internal Builder is used for build
gcc -O0 -g3 -Wall -c -fmessage-length=0 -o "src\\intento.o" "..\\src\\intento.c" 
gcc -o intento.exe "src\\intento.o" 
13:45:44 **** Incremental Build of configuration Debug for project intento ****
Info: Internal Builder is used for build
gcc -O0 -g3 -Wall -c -fmessage-length=0 -o "src\\intento.o" "..\\src\\intento.c" 
gcc -o intento.exe "src\\intento.o" 
Info: Nothing to build for intento
Info: Nothing to build for intento
Info: Nothing to build for intento
Info: Nothing to build for intento
16:37:40 **** Incremental Build of configuration Debug for project intento ****
Info: Internal Builder is used for build
gcc -O0 -g3 -Wall -c -fmessage-length=0 -o "src\\intento.o" "..\\src\\intento.c" 
gcc -o intento.exe "src\\intento.o" 
Info: Nothing to build for intento
16:38:46 **** Incremental Build of configuration Debug for project intento ****
Info: Internal Builder is used for build
gcc -O0 -g3 -Wall -c -fmessage-length=0 -o "src\\intento.o" "..\\src\\intento.c" 
gcc -o intento.exe "src\\intento.o" 
16:39:51 **** Incremental Build of configuration Debug for project intento ****
Info: Internal Builder is used for build
gcc -O0 -g3 -Wall -c -fmessage-length=0 -o "src\\intento.o" "..\\src\\intento.c" 
gcc -o intento.exe "src\\intento.o" 
16:40:14 **** Incremental Build of configuration Debug for project intento ****
Info: Internal Builder is used for build
gcc -O0 -g3 -Wall -c -fmessage-length=0 -o "src\\intento.o" "..\\src\\intento.c" 
gcc -o intento.exe "src\\intento.o" 
16:40:43 **** Incremental Build of configuration Debug for project intento ****
Info: Internal Builder is used for build
gcc -O0 -g3 -Wall -c -fmessage-length=0 -o "src\\intento.o" "..\\src\\intento.c" 
gcc -o intento.exe "src\\intento.o" 
16:41:10 **** Incremental Build of configuration Debug for project intento ****
Info: Internal Builder is used for build
gcc -O0 -g3 -Wall -c -fmessage-length=0 -o "src\\intento.o" "..\\src\\intento.c" 
gcc -o intento.exe "src\\intento.o" 
16:45:18 **** Incremental Build of configuration Debug for project intento ****
Info: Internal Builder is used for build
gcc -O0 -g3 -Wall -c -fmessage-length=0 -o "src\\intento.o" "..\\src\\intento.c" 
gcc -o intento.exe "src\\intento.o" 
Info: Nothing to build for intento
16:50:12 **** Incremental Build of configuration Debug for project intento ****
Info: Internal Builder is used for build
gcc -O0 -g3 -Wall -c -fmessage-length=0 -o "src\\intento.o" "..\\src\\intento.c" 
gcc -o intento.exe "src\\intento.o" 
Info: Nothing to build for intento
16:51:55 **** Incremental Build of configuration Debug for project intento ****
Info: Internal Builder is used for build
gcc -O0 -g3 -Wall -c -fmessage-length=0 -o "src\\intento.o" "..\\src\\intento.c" 
gcc -o intento.exe "src\\intento.o" 
Info: Nothing to build for intento
Info: Nothing to build for intento
16:53:08 **** Incremental Build of configuration Debug for project intento ****
Info: Internal Builder is used for build
gcc -O0 -g3 -Wall -c -fmessage-length=0 -o "src\\intento.o" "..\\src\\intento.c" 
gcc -o intento.exe "src\\intento.o" 
17:15:02 **** Incremental Build of configuration Debug for project intento ****
Info: Internal Builder is used for build
gcc -O0 -g3 -Wall -c -fmessage-length=0 -o "src\\intento.o" "..\\src\\intento.c" 
..\src\intento.c: In function 'main':
..\src\intento.c:36:3: warning: implicit declaration of function 'print' [-Wimplicit-function-declaration]
   print("Desea continuar ingresando numeros ? s/n");
   ^~~~~
..\src\intento.c:38:11: warning: format '%c' expects argument of type 'char *', but argument 2 has type 'int' [-Wformat=]
   scanf("%c",respuesta);
           ^
..\src\intento.c:18:6: warning: variable 'contadorVueltas' set but not used [-Wunused-but-set-variable]
  int contadorVueltas;
      ^~~~~~~~~~~~~~~
gcc -o intento.exe "src\\intento.o" 
src\intento.o: In function `main':
C:\Users\Usuario\eclipse-workspace\intento\Debug/../src/intento.c:36: undefined reference to `print'
collect2.exe: error: ld returned 1 exit status
17:15:52 **** Incremental Build of configuration Debug for project intento ****
Info: Internal Builder is used for build
gcc -O0 -g3 -Wall -c -fmessage-length=0 -o "src\\intento.o" "..\\src\\intento.c" 
..\src\intento.c: In function 'main':
..\src\intento.c:18:6: warning: variable 'contadorVueltas' set but not used [-Wunused-but-set-variable]
  int contadorVueltas;
      ^~~~~~~~~~~~~~~
gcc -o intento.exe "src\\intento.o" 
Info: Nothing to build for intento
17:18:48 **** Incremental Build of configuration Debug for project intento ****
Info: Internal Builder is used for build
gcc -O0 -g3 -Wall -c -fmessage-length=0 -o "src\\intento.o" "..\\src\\intento.c" 
..\src\intento.c: In function 'main':
..\src\intento.c:18:6: warning: variable 'contadorVueltas' set but not used [-Wunused-but-set-variable]
  int contadorVueltas;
      ^~~~~~~~~~~~~~~
gcc -o intento.exe "src\\intento.o" 
17:22:12 **** Incremental Build of configuration Debug for project intento ****
Info: Internal Builder is used for build
gcc -O0 -g3 -Wall -c -fmessage-length=0 -o "src\\intento.o" "..\\src\\intento.c" 
..\src\intento.c: In function 'main':
..\src\intento.c:40:3: warning: implicit declaration of function 'tolower' [-Wimplicit-function-declaration]
   tolower(respuesta);
   ^~~~~~~
..\src\intento.c:40:3: warning: statement with no effect [-Wunused-value]
   tolower(respuesta);
   ^~~~~~~~~~~~~~~~~~
gcc -o intento.exe "src\\intento.o" 
17:23:08 **** Incremental Build of configuration Debug for project intento ****
Info: Internal Builder is used for build
gcc -O0 -g3 -Wall -c -fmessage-length=0 -o "src\\intento.o" "..\\src\\intento.c" 
..\src\intento.c: In function 'main':
..\src\intento.c:41:3: warning: statement with no effect [-Wunused-value]
   tolower(respuesta);
   ^~~~~~~~~~~~~~~~~~
gcc -o intento.exe "src\\intento.o" 
c:/mingw/bin/../lib/gcc/mingw32/6.3.0/../../../../mingw32/bin/ld.exe: cannot open output file intento.exe: Permission denied
collect2.exe: error: ld returned 1 exit status
17:23:18 **** Incremental Build of configuration Debug for project intento ****
Info: Internal Builder is used for build
gcc -o intento.exe "src\\intento.o" 
c:/mingw/bin/../lib/gcc/mingw32/6.3.0/../../../../mingw32/bin/ld.exe: cannot open output file intento.exe: Permission denied
collect2.exe: error: ld returned 1 exit status
17:24:05 **** Incremental Build of configuration Debug for project intento ****
Info: Internal Builder is used for build
gcc -o intento.exe "src\\intento.o" 
Info: Nothing to build for intento
17:24:53 **** Incremental Build of configuration Debug for project intento ****
Info: Internal Builder is used for build
gcc -O0 -g3 -Wall -c -fmessage-length=0 -o "src\\intento.o" "..\\src\\intento.c" 
gcc -o intento.exe "src\\intento.o" 
17:29:54 **** Incremental Build of configuration Debug for project intento ****
Info: Internal Builder is used for build
gcc -O0 -g3 -Wall -c -fmessage-length=0 -o "src\\intento.o" "..\\src\\intento.c" 
..\src\intento.c: In function 'main':
..\src\intento.c:22:6: warning: variable 'acumMaximo' set but not used [-Wunused-but-set-variable]
  int acumMaximo;
      ^~~~~~~~~~
..\src\intento.c:21:6: warning: variable 'acumMinimo' set but not used [-Wunused-but-set-variable]
  int acumMinimo;
      ^~~~~~~~~~
gcc -o intento.exe "src\\intento.o" 
Info: Nothing to build for intento
Info: Nothing to build for intento
17:37:37 **** Incremental Build of configuration Debug for project intento ****
Info: Internal Builder is used for build
gcc -O0 -g3 -Wall -c -fmessage-length=0 -o "src\\intento.o" "..\\src\\intento.c" 
gcc -o intento.exe "src\\intento.o" 
18:07:34 **** Incremental Build of configuration Debug for project intento ****
Info: Internal Builder is used for build
gcc -O0 -g3 -Wall -c -fmessage-length=0 -o "src\\intento.o" "..\\src\\intento.c" 
..\src\intento.c: In function 'main':
..\src\intento.c:60:2: warning: implicit declaration of function 'print' [-Wimplicit-function-declaration]
  print("Numero positivo mas grande ingresado : %d",acumMinimo);
  ^~~~~
..\src\intento.c:63:2: error: expected ';' before 'return'
  return EXIT_SUCCESS;
  ^~~~~~
18:07:44 **** Incremental Build of configuration Debug for project intento ****
Info: Internal Builder is used for build
gcc -O0 -g3 -Wall -c -fmessage-length=0 -o "src\\intento.o" "..\\src\\intento.c" 
..\src\intento.c: In function 'main':
..\src\intento.c:63:2: error: expected ';' before 'return'
  return EXIT_SUCCESS;
  ^~~~~~
18:10:26 **** Incremental Build of configuration Debug for project intento ****
Info: Internal Builder is used for build
gcc -O0 -g3 -Wall -c -fmessage-length=0 -o "src\\intento.o" "..\\src\\intento.c" 
gcc -o intento.exe "src\\intento.o" 
Info: Nothing to build for intento
18:24:18 **** Incremental Build of configuration Debug for project intento ****
Info: Internal Builder is used for build
gcc -O0 -g3 -Wall -c -fmessage-length=0 -o "src\\intento.o" "..\\src\\intento.c" 
gcc -o intento.exe "src\\intento.o" 
18:24:42 **** Incremental Build of configuration Debug for project intento ****
Info: Internal Builder is used for build
gcc -O0 -g3 -Wall -c -fmessage-length=0 -o "src\\intento.o" "..\\src\\intento.c" 
gcc -o intento.exe "src\\intento.o" 
18:25:25 **** Incremental Build of configuration Debug for project intento ****
Info: Internal Builder is used for build
gcc -O0 -g3 -Wall -c -fmessage-length=0 -o "src\\intento.o" "..\\src\\intento.c" 
gcc -o intento.exe "src\\intento.o" 
Info: Nothing to build for intento
18:27:46 **** Incremental Build of configuration Debug for project intento ****
Info: Internal Builder is used for build
gcc -O0 -g3 -Wall -c -fmessage-length=0 -o "src\\intento.o" "..\\src\\intento.c" 
gcc -o intento.exe "src\\intento.o" 
18:29:14 **** Incremental Build of configuration Debug for project intento ****
Info: Internal Builder is used for build
gcc -O0 -g3 -Wall -c -fmessage-length=0 -o "src\\intento.o" "..\\src\\intento.c" 
gcc -o intento.exe "src\\intento.o" 
18:35:51 **** Incremental Build of configuration Debug for project intento ****
Info: Internal Builder is used for build
gcc -O0 -g3 -Wall -c -fmessage-length=0 -o "src\\intento.o" "..\\src\\intento.c" 
gcc -o intento.exe "src\\intento.o" 
Info: Nothing to build for intento
18:36:24 **** Incremental Build of configuration Debug for project intento ****
Info: Internal Builder is used for build
gcc -O0 -g3 -Wall -c -fmessage-length=0 -o "src\\intento.o" "..\\src\\intento.c" 
gcc -o intento.exe "src\\intento.o" 
Info: Nothing to build for intento
18:38:28 **** Incremental Build of configuration Debug for project intento ****
Info: Internal Builder is used for build
gcc -O0 -g3 -Wall -c -fmessage-length=0 -o "src\\intento.o" "..\\src\\intento.c" 
gcc -o intento.exe "src\\intento.o" 
18:39:02 **** Incremental Build of configuration Debug for project intento ****
Info: Internal Builder is used for build
gcc -O0 -g3 -Wall -c -fmessage-length=0 -o "src\\intento.o" "..\\src\\intento.c" 
gcc -o intento.exe "src\\intento.o" 
18:44:04 **** Incremental Build of configuration Debug for project intento ****
Info: Internal Builder is used for build
gcc -O0 -g3 -Wall -c -fmessage-length=0 -o "src\\intento.o" "..\\src\\intento.c" 
gcc -o intento.exe "src\\intento.o" 
Info: Nothing to build for intento
Info: Nothing to build for intento
18:45:17 **** Incremental Build of configuration Debug for project intento ****
Info: Internal Builder is used for build
gcc -O0 -g3 -Wall -c -fmessage-length=0 -o "src\\intento.o" "..\\src\\intento.c" 
gcc -o intento.exe "src\\intento.o" 
18:45:57 **** Incremental Build of configuration Debug for project intento ****
Info: Internal Builder is used for build
gcc -O0 -g3 -Wall -c -fmessage-length=0 -o "src\\intento.o" "..\\src\\intento.c" 
gcc -o intento.exe "src\\intento.o" 
Info: Nothing to build for intento
18:52:39 **** Incremental Build of configuration Debug for project intento ****
Info: Internal Builder is used for build
gcc -O0 -g3 -Wall -c -fmessage-length=0 -o "src\\intento.o" "..\\src\\intento.c" 
..\src\intento.c: In function 'main':
..\src\intento.c:27:6: warning: variable 'promedioNegativos' set but not used [-Wunused-but-set-variable]
  int promedioNegativos;
      ^~~~~~~~~~~~~~~~~
..\src\intento.c:26:6: warning: variable 'promedioPositivos' set but not used [-Wunused-but-set-variable]
  int promedioPositivos;
      ^~~~~~~~~~~~~~~~~
gcc -o intento.exe "src\\intento.o" 
c:/mingw/bin/../lib/gcc/mingw32/6.3.0/../../../../mingw32/bin/ld.exe: cannot open output file intento.exe: Permission denied
collect2.exe: error: ld returned 1 exit status
18:53:05 **** Incremental Build of configuration Debug for project intento ****
Info: Internal Builder is used for build
gcc -O0 -g3 -Wall -c -fmessage-length=0 -o "src\\intento.o" "..\\src\\intento.c" 
..\src\intento.c: In function 'main':
..\src\intento.c:27:8: warning: variable 'promedioNegativos' set but not used [-Wunused-but-set-variable]
  float promedioNegativos;
        ^~~~~~~~~~~~~~~~~
..\src\intento.c:26:8: warning: variable 'promedioPositivos' set but not used [-Wunused-but-set-variable]
  float promedioPositivos;
        ^~~~~~~~~~~~~~~~~
gcc -o intento.exe "src\\intento.o" 
c:/mingw/bin/../lib/gcc/mingw32/6.3.0/../../../../mingw32/bin/ld.exe: cannot open output file intento.exe: Permission denied
collect2.exe: error: ld returned 1 exit status
18:53:42 **** Incremental Build of configuration Debug for project intento ****
Info: Internal Builder is used for build
gcc -o intento.exe "src\\intento.o" 
Info: Nothing to build for intento
18:54:27 **** Incremental Build of configuration Debug for project intento ****
Info: Internal Builder is used for build
gcc -O0 -g3 -Wall -c -fmessage-length=0 -o "src\\intento.o" "..\\src\\intento.c" 
..\src\intento.c: In function 'main':
..\src\intento.c:73:43: warning: format '%d' expects argument of type 'int', but argument 2 has type 'double' [-Wformat=]
  printf("Promedio positivos acumulados : %d\n",promedioPositivos);
                                           ^
..\src\intento.c:27:8: warning: variable 'promedioNegativos' set but not used [-Wunused-but-set-variable]
  float promedioNegativos;
        ^~~~~~~~~~~~~~~~~
gcc -o intento.exe "src\\intento.o" 
c:/mingw/bin/../lib/gcc/mingw32/6.3.0/../../../../mingw32/bin/ld.exe: cannot open output file intento.exe: Permission denied
collect2.exe: error: ld returned 1 exit status
18:54:28 **** Incremental Build of configuration Debug for project intento ****
Info: Internal Builder is used for build
gcc -o intento.exe "src\\intento.o" 
c:/mingw/bin/../lib/gcc/mingw32/6.3.0/../../../../mingw32/bin/ld.exe: cannot open output file intento.exe: Permission denied
collect2.exe: error: ld returned 1 exit status
18:54:37 **** Incremental Build of configuration Debug for project intento ****
Info: Internal Builder is used for build
gcc -o intento.exe "src\\intento.o" 
c:/mingw/bin/../lib/gcc/mingw32/6.3.0/../../../../mingw32/bin/ld.exe: cannot open output file intento.exe: Permission denied
collect2.exe: error: ld returned 1 exit status
18:54:37 **** Incremental Build of configuration Debug for project intento ****
Info: Internal Builder is used for build
gcc -o intento.exe "src\\intento.o" 
c:/mingw/bin/../lib/gcc/mingw32/6.3.0/../../../../mingw32/bin/ld.exe: cannot open output file intento.exe: Permission denied
collect2.exe: error: ld returned 1 exit status
18:54:38 **** Incremental Build of configuration Debug for project intento ****
Info: Internal Builder is used for build
gcc -o intento.exe "src\\intento.o" 
18:55:27 **** Incremental Build of configuration Debug for project intento ****
Info: Internal Builder is used for build
gcc -O0 -g3 -Wall -c -fmessage-length=0 -o "src\\intento.o" "..\\src\\intento.c" 
..\src\intento.c: In function 'main':
..\src\intento.c:74:43: warning: format '%d' expects argument of type 'int', but argument 2 has type 'double' [-Wformat=]
  printf("Promedio positivos acumulados : %d\n",promedioPositivos);
                                           ^
..\src\intento.c:27:8: warning: variable 'promedioNegativos' set but not used [-Wunused-but-set-variable]
  float promedioNegativos;
        ^~~~~~~~~~~~~~~~~
gcc -o intento.exe "src\\intento.o" 
18:55:46 **** Incremental Build of configuration Debug for project intento ****
Info: Internal Builder is used for build
gcc -O0 -g3 -Wall -c -fmessage-length=0 -o "src\\intento.o" "..\\src\\intento.c" 
..\src\intento.c: In function 'main':
..\src\intento.c:27:8: warning: variable 'promedioNegativos' set but not used [-Wunused-but-set-variable]
  float promedioNegativos;
        ^~~~~~~~~~~~~~~~~
gcc -o intento.exe "src\\intento.o" 
c:/mingw/bin/../lib/gcc/mingw32/6.3.0/../../../../mingw32/bin/ld.exe: cannot open output file intento.exe: Permission denied
collect2.exe: error: ld returned 1 exit status
18:55:50 **** Incremental Build of configuration Debug for project intento ****
Info: Internal Builder is used for build
gcc -o intento.exe "src\\intento.o" 
18:56:35 **** Incremental Build of configuration Debug for project intento ****
Info: Internal Builder is used for build
gcc -O0 -g3 -Wall -c -fmessage-length=0 -o "src\\intento.o" "..\\src\\intento.c" 
..\src\intento.c: In function 'main':
..\src\intento.c:27:8: warning: variable 'promedioNegativos' set but not used [-Wunused-but-set-variable]
  float promedioNegativos;
        ^~~~~~~~~~~~~~~~~
gcc -o intento.exe "src\\intento.o" 
Info: Nothing to build for intento
18:57:48 **** Incremental Build of configuration Debug for project intento ****
Info: Internal Builder is used for build
gcc -O0 -g3 -Wall -c -fmessage-length=0 -o "src\\intento.o" "..\\src\\intento.c" 
..\src\intento.c: In function 'main':
..\src\intento.c:27:8: warning: variable 'promedioNegativos' set but not used [-Wunused-but-set-variable]
  float promedioNegativos;
        ^~~~~~~~~~~~~~~~~
gcc -o intento.exe "src\\intento.o" 
18:59:10 **** Incremental Build of configuration Debug for project intento ****
Info: Internal Builder is used for build
gcc -O0 -g3 -Wall -c -fmessage-length=0 -o "src\\intento.o" "..\\src\\intento.c" 
..\src\intento.c: In function 'main':
..\src\intento.c:27:8: warning: variable 'promedioNegativos' set but not used [-Wunused-but-set-variable]
  float promedioNegativos;
        ^~~~~~~~~~~~~~~~~
gcc -o intento.exe "src\\intento.o" 
19:00:48 **** Incremental Build of configuration Debug for project intento ****
Info: Internal Builder is used for build
gcc -O0 -g3 -Wall -c -fmessage-length=0 -o "src\\intento.o" "..\\src\\intento.c" 
..\src\intento.c: In function 'main':
..\src\intento.c:27:8: warning: variable 'promedioNegativos' set but not used [-Wunused-but-set-variable]
  float promedioNegativos;
        ^~~~~~~~~~~~~~~~~
gcc -o intento.exe "src\\intento.o" 
19:01:31 **** Incremental Build of configuration Debug for project intento ****
Info: Internal Builder is used for build
gcc -O0 -g3 -Wall -c -fmessage-length=0 -o "src\\intento.o" "..\\src\\intento.c" 
..\src\intento.c: In function 'main':
..\src\intento.c:27:8: warning: variable 'promedioNegativos' set but not used [-Wunused-but-set-variable]
  float promedioNegativos;
        ^~~~~~~~~~~~~~~~~
gcc -o intento.exe "src\\intento.o" 
Info: Nothing to build for intento
19:03:04 **** Incremental Build of configuration Debug for project intento ****
Info: Internal Builder is used for build
gcc -O0 -g3 -Wall -c -fmessage-length=0 -o "src\\intento.o" "..\\src\\intento.c" 
..\src\intento.c: In function 'main':
..\src\intento.c:28:8: warning: variable 'promedioNegativos' set but not used [-Wunused-but-set-variable]
  float promedioNegativos;
        ^~~~~~~~~~~~~~~~~
..\src\intento.c:25:6: warning: variable 'flag1' set but not used [-Wunused-but-set-variable]
  int flag1;
      ^~~~~
gcc -o intento.exe "src\\intento.o" 
19:04:10 **** Incremental Build of configuration Debug for project intento ****
Info: Internal Builder is used for build
gcc -O0 -g3 -Wall -c -fmessage-length=0 -o "src\\intento.o" "..\\src\\intento.c" 
..\src\intento.c: In function 'main':
..\src\intento.c:77:43: warning: format '%d' expects argument of type 'int', but argument 2 has type 'double' [-Wformat=]
  printf("Promedio negativos acumulados : %d\n",promedioNegativos);
                                           ^
..\src\intento.c:25:6: warning: variable 'flag1' set but not used [-Wunused-but-set-variable]
  int flag1;
      ^~~~~
gcc -o intento.exe "src\\intento.o" 
19:04:57 **** Incremental Build of configuration Debug for project intento ****
Info: Internal Builder is used for build
gcc -O0 -g3 -Wall -c -fmessage-length=0 -o "src\\intento.o" "..\\src\\intento.c" 
gcc -o intento.exe "src\\intento.o" 
c:/mingw/bin/../lib/gcc/mingw32/6.3.0/../../../../mingw32/bin/ld.exe: cannot open output file intento.exe: Permission denied
collect2.exe: error: ld returned 1 exit status
19:04:57 **** Incremental Build of configuration Debug for project intento ****
Info: Internal Builder is used for build
gcc -o intento.exe "src\\intento.o" 
c:/mingw/bin/../lib/gcc/mingw32/6.3.0/../../../../mingw32/bin/ld.exe: cannot open output file intento.exe: Permission denied
collect2.exe: error: ld returned 1 exit status
19:05:01 **** Incremental Build of configuration Debug for project intento ****
Info: Internal Builder is used for build
gcc -o intento.exe "src\\intento.o" 
c:/mingw/bin/../lib/gcc/mingw32/6.3.0/../../../../mingw32/bin/ld.exe: cannot open output file intento.exe: Permission denied
collect2.exe: error: ld returned 1 exit status
19:07:11 **** Incremental Build of configuration Debug for project intento ****
Info: Internal Builder is used for build
gcc -o intento.exe "src\\intento.o" 
Info: Nothing to build for intento
Info: Nothing to build for intento
19:10:10 **** Incremental Build of configuration Debug for project intento ****
Info: Internal Builder is used for build
gcc -O0 -g3 -Wall -c -fmessage-length=0 -o "src\\intento.o" "..\\src\\intento.c" 
gcc -o intento.exe "src\\intento.o" 
Info: Nothing to build for intento
20:37:39 **** Rebuild of configuration Debug for project intento ****
Info: Internal Builder is used for build
gcc -O0 -g3 -Wall -c -fmessage-length=0 -o "src\\intento.o" "..\\src\\intento.c" 
gcc -o intento.exe "src\\intento.o" 
Info: Nothing to build for intento
